[11.029s] DEBUG:colcon:Command line arguments: ['/usr/bin/colcon', 'build']
[11.029s] DEBUG:colcon:Parsed command line arguments: Namespace(allow_overriding=[], ament_cmake_args=None, base_paths=['.'], build_base='build', catkin_cmake_args=None, catkin_skip_building_tests=False, cmake_args=None, cmake_clean_cache=False, cmake_clean_first=False, cmake_force_configure=False, cmake_target=None, cmake_target_skip_unavailable=False, continue_on_error=False, event_handlers=None, executor='parallel', ignore_user_meta=False, install_base='install', log_base=None, log_level=None, main=<bound method BuildVerb.main of <colcon_core.verb.build.BuildVerb object at 0xffff98d03760>>, merge_install=False, metas=['./colcon.meta'], packages_above=None, packages_above_and_dependencies=None, packages_above_depth=None, packages_end=None, packages_ignore=None, packages_ignore_regex=None, packages_select=None, packages_select_build_failed=False, packages_select_by_dep=None, packages_select_regex=None, packages_select_test_failures=False, packages_skip=None, packages_skip_build_finished=False, packages_skip_by_dep=None, packages_skip_regex=None, packages_skip_test_passed=False, packages_skip_up_to=None, packages_start=None, packages_up_to=None, packages_up_to_regex=None, parallel_workers=4, paths=None, symlink_install=False, test_result_base=None, verb_extension=<colcon_core.verb.build.BuildVerb object at 0xffff98d03760>, verb_name='build', verb_parser=<colcon_defaults.argument_parser.defaults.DefaultArgumentsDecorator object at 0xffff98d10880>)
[11.560s] Level 1:colcon.colcon_core.package_discovery:discover_packages(colcon_meta) check parameters
[11.561s] Level 1:colcon.colcon_core.package_discovery:discover_packages(recursive) check parameters
[11.562s] Level 1:colcon.colcon_core.package_discovery:discover_packages(ignore) check parameters
[11.562s] Level 1:colcon.colcon_core.package_discovery:discover_packages(path) check parameters
[11.562s] Level 1:colcon.colcon_core.package_discovery:discover_packages(colcon_meta) discover
[11.563s] Level 1:colcon.colcon_core.package_discovery:discover_packages(recursive) discover
[11.563s] INFO:colcon.colcon_core.package_discovery:Crawling recursively for packages in '/home/mp4d/ros2_ws'
[11.564s] Level 1:colcon.colcon_core.package_identification:_identify(.) by extensions ['ignore', 'ignore_ament_install']
[11.564s] Level 1:colcon.colcon_core.package_identification:_identify(.) by extension 'ignore'
[11.565s] Level 1:colcon.colcon_core.package_identification:_identify(.) by extension 'ignore_ament_install'
[11.565s] Level 1:colcon.colcon_core.package_identification:_identify(.) by extensions ['colcon_pkg']
[11.565s] Level 1:colcon.colcon_core.package_identification:_identify(.) by extension 'colcon_pkg'
[11.566s] Level 1:colcon.colcon_core.package_identification:_identify(.) by extensions ['colcon_meta']
[11.566s] Level 1:colcon.colcon_core.package_identification:_identify(.) by extension 'colcon_meta'
[11.566s] Level 1:colcon.colcon_core.package_identification:_identify(.) by extensions ['ros']
[11.567s] Level 1:colcon.colcon_core.package_identification:_identify(.) by extension 'ros'
[11.687s] Level 1:colcon.colcon_core.package_identification:_identify(.) by extensions ['cmake', 'python']
[11.688s] Level 1:colcon.colcon_core.package_identification:_identify(.) by extension 'cmake'
[11.689s] Level 1:colcon.colcon_core.package_identification:_identify(.) by extension 'python'
[11.689s] Level 1:colcon.colcon_core.package_identification:_identify(.) by extensions ['python_setup_py']
[11.689s] Level 1:colcon.colcon_core.package_identification:_identify(.) by extension 'python_setup_py'
[11.690s] Level 1:colcon.colcon_core.package_identification:_identify(build) by extensions ['ignore', 'ignore_ament_install']
[11.691s] Level 1:colcon.colcon_core.package_identification:_identify(build) by extension 'ignore'
[11.691s] Level 1:colcon.colcon_core.package_identification:_identify(build) ignored
[11.692s] Level 1:colcon.colcon_core.package_identification:_identify(install) by extensions ['ignore', 'ignore_ament_install']
[11.692s] Level 1:colcon.colcon_core.package_identification:_identify(install) by extension 'ignore'
[11.693s] Level 1:colcon.colcon_core.package_identification:_identify(install) ignored
[11.693s] Level 1:colcon.colcon_core.package_identification:_identify(log) by extensions ['ignore', 'ignore_ament_install']
[11.694s] Level 1:colcon.colcon_core.package_identification:_identify(log) by extension 'ignore'
[11.694s] Level 1:colcon.colcon_core.package_identification:_identify(log) ignored
[11.694s] Level 1:colcon.colcon_core.package_identification:_identify(src) by extensions ['ignore', 'ignore_ament_install']
[11.695s] Level 1:colcon.colcon_core.package_identification:_identify(src) by extension 'ignore'
[11.695s] Level 1:colcon.colcon_core.package_identification:_identify(src) by extension 'ignore_ament_install'
[11.696s] Level 1:colcon.colcon_core.package_identification:_identify(src) by extensions ['colcon_pkg']
[11.696s] Level 1:colcon.colcon_core.package_identification:_identify(src) by extension 'colcon_pkg'
[11.696s] Level 1:colcon.colcon_core.package_identification:_identify(src) by extensions ['colcon_meta']
[11.696s] Level 1:colcon.colcon_core.package_identification:_identify(src) by extension 'colcon_meta'
[11.697s] Level 1:colcon.colcon_core.package_identification:_identify(src) by extensions ['ros']
[11.697s] Level 1:colcon.colcon_core.package_identification:_identify(src) by extension 'ros'
[11.698s] Level 1:colcon.colcon_core.package_identification:_identify(src) by extensions ['cmake', 'python']
[11.698s] Level 1:colcon.colcon_core.package_identification:_identify(src) by extension 'cmake'
[11.698s] Level 1:colcon.colcon_core.package_identification:_identify(src) by extension 'python'
[11.698s] Level 1:colcon.colcon_core.package_identification:_identify(src) by extensions ['python_setup_py']
[11.699s] Level 1:colcon.colcon_core.package_identification:_identify(src) by extension 'python_setup_py'
[11.699s] Level 1:colcon.colcon_core.package_identification:_identify(src/project-ROS2-pkg) by extensions ['ignore', 'ignore_ament_install']
[11.700s] Level 1:colcon.colcon_core.package_identification:_identify(src/project-ROS2-pkg) by extension 'ignore'
[11.700s] Level 1:colcon.colcon_core.package_identification:_identify(src/project-ROS2-pkg) by extension 'ignore_ament_install'
[11.700s] Level 1:colcon.colcon_core.package_identification:_identify(src/project-ROS2-pkg) by extensions ['colcon_pkg']
[11.701s] Level 1:colcon.colcon_core.package_identification:_identify(src/project-ROS2-pkg) by extension 'colcon_pkg'
[11.701s] Level 1:colcon.colcon_core.package_identification:_identify(src/project-ROS2-pkg) by extensions ['colcon_meta']
[11.701s] Level 1:colcon.colcon_core.package_identification:_identify(src/project-ROS2-pkg) by extension 'colcon_meta'
[11.702s] Level 1:colcon.colcon_core.package_identification:_identify(src/project-ROS2-pkg) by extensions ['ros']
[11.702s] Level 1:colcon.colcon_core.package_identification:_identify(src/project-ROS2-pkg) by extension 'ros'
[11.702s] Level 1:colcon.colcon_core.package_identification:_identify(src/project-ROS2-pkg) by extensions ['cmake', 'python']
[11.702s] Level 1:colcon.colcon_core.package_identification:_identify(src/project-ROS2-pkg) by extension 'cmake'
[11.703s] Level 1:colcon.colcon_core.package_identification:_identify(src/project-ROS2-pkg) by extension 'python'
[11.703s] Level 1:colcon.colcon_core.package_identification:_identify(src/project-ROS2-pkg) by extensions ['python_setup_py']
[11.703s] Level 1:colcon.colcon_core.package_identification:_identify(src/project-ROS2-pkg) by extension 'python_setup_py'
[11.704s] Level 1:colcon.colcon_core.package_identification:_identify(src/project-ROS2-pkg/project-ROS2-pkg) by extensions ['ignore', 'ignore_ament_install']
[11.705s] Level 1:colcon.colcon_core.package_identification:_identify(src/project-ROS2-pkg/project-ROS2-pkg) by extension 'ignore'
[11.705s] Level 1:colcon.colcon_core.package_identification:_identify(src/project-ROS2-pkg/project-ROS2-pkg) by extension 'ignore_ament_install'
[11.705s] Level 1:colcon.colcon_core.package_identification:_identify(src/project-ROS2-pkg/project-ROS2-pkg) by extensions ['colcon_pkg']
[11.705s] Level 1:colcon.colcon_core.package_identification:_identify(src/project-ROS2-pkg/project-ROS2-pkg) by extension 'colcon_pkg'
[11.706s] Level 1:colcon.colcon_core.package_identification:_identify(src/project-ROS2-pkg/project-ROS2-pkg) by extensions ['colcon_meta']
[11.706s] Level 1:colcon.colcon_core.package_identification:_identify(src/project-ROS2-pkg/project-ROS2-pkg) by extension 'colcon_meta'
[11.706s] Level 1:colcon.colcon_core.package_identification:_identify(src/project-ROS2-pkg/project-ROS2-pkg) by extensions ['ros']
[11.707s] Level 1:colcon.colcon_core.package_identification:_identify(src/project-ROS2-pkg/project-ROS2-pkg) by extension 'ros'
[11.726s] DEBUG:colcon.colcon_core.package_identification:Package 'src/project-ROS2-pkg/project-ROS2-pkg' with type 'ros.ament_cmake' and name 'project_ros2_pkg'
[11.727s] Level 1:colcon.colcon_core.package_discovery:discover_packages(recursive) using defaults
[11.728s] Level 1:colcon.colcon_core.package_discovery:discover_packages(ignore) discover
[11.728s] Level 1:colcon.colcon_core.package_discovery:discover_packages(ignore) using defaults
[11.728s] Level 1:colcon.colcon_core.package_discovery:discover_packages(path) discover
[11.729s] Level 1:colcon.colcon_core.package_discovery:discover_packages(path) using defaults
[12.165s] Level 1:colcon.colcon_core.package_discovery:discover_packages(prefix_path) check parameters
[12.165s] Level 1:colcon.colcon_core.package_discovery:discover_packages(prefix_path) discover
[12.233s] WARNING:colcon.colcon_ros.prefix_path.ament:The path '/home/mp4d/ros2_ws/install/project_ros2_pkg' in the environment variable AMENT_PREFIX_PATH doesn't exist
[12.234s] WARNING:colcon.colcon_ros.prefix_path.catkin:The path '/home/mp4d/ros2_ws/install/project_ros2_pkg' in the environment variable CMAKE_PREFIX_PATH doesn't exist
[12.293s] DEBUG:colcon.colcon_installed_package_information.package_discovery:Found 0 installed packages in /home/mp4d/ros2_ws/install
[12.353s] DEBUG:colcon.colcon_installed_package_information.package_discovery:Found 177 installed packages in /opt/ros/foxy
[12.364s] Level 1:colcon.colcon_core.package_discovery:discover_packages(prefix_path) using defaults
[12.714s] Level 5:colcon.colcon_core.verb:set package 'project_ros2_pkg' build argument 'cmake_args' from command line to 'None'
[12.715s] Level 5:colcon.colcon_core.verb:set package 'project_ros2_pkg' build argument 'cmake_target' from command line to 'None'
[12.715s] Level 5:colcon.colcon_core.verb:set package 'project_ros2_pkg' build argument 'cmake_target_skip_unavailable' from command line to 'False'
[12.716s] Level 5:colcon.colcon_core.verb:set package 'project_ros2_pkg' build argument 'cmake_clean_cache' from command line to 'False'
[12.716s] Level 5:colcon.colcon_core.verb:set package 'project_ros2_pkg' build argument 'cmake_clean_first' from command line to 'False'
[12.716s] Level 5:colcon.colcon_core.verb:set package 'project_ros2_pkg' build argument 'cmake_force_configure' from command line to 'False'
[12.716s] Level 5:colcon.colcon_core.verb:set package 'project_ros2_pkg' build argument 'ament_cmake_args' from command line to 'None'
[12.716s] Level 5:colcon.colcon_core.verb:set package 'project_ros2_pkg' build argument 'catkin_cmake_args' from command line to 'None'
[12.717s] Level 5:colcon.colcon_core.verb:set package 'project_ros2_pkg' build argument 'catkin_skip_building_tests' from command line to 'False'
[12.717s] DEBUG:colcon.colcon_core.verb:Building package 'project_ros2_pkg' with the following arguments: {'ament_cmake_args': None, 'build_base': '/home/mp4d/ros2_ws/build/project_ros2_pkg', 'catkin_cmake_args': None, 'catkin_skip_building_tests': False, 'cmake_args': None, 'cmake_clean_cache': False, 'cmake_clean_first': False, 'cmake_force_configure': False, 'cmake_target': None, 'cmake_target_skip_unavailable': False, 'install_base': '/home/mp4d/ros2_ws/install/project_ros2_pkg', 'merge_install': False, 'path': '/home/mp4d/ros2_ws/src/project-ROS2-pkg/project-ROS2-pkg', 'symlink_install': False, 'test_result_base': None}
[12.772s] INFO:colcon.colcon_core.executor:Executing jobs using 'parallel' executor
[12.833s] DEBUG:colcon.colcon_parallel_executor.executor.parallel:run_until_complete
[12.835s] INFO:colcon.colcon_ros.task.ament_cmake.build:Building ROS package in '/home/mp4d/ros2_ws/src/project-ROS2-pkg/project-ROS2-pkg' with build type 'ament_cmake'
[12.836s] INFO:colcon.colcon_cmake.task.cmake.build:Building CMake package in '/home/mp4d/ros2_ws/src/project-ROS2-pkg/project-ROS2-pkg'
[12.902s] INFO:colcon.colcon_core.plugin_system:Skipping extension 'colcon_core.shell.bat': Not used on non-Windows systems
[12.904s] INFO:colcon.colcon_core.shell:Skip shell extension 'powershell' for command environment: Not usable outside of PowerShell
[12.904s] DEBUG:colcon.colcon_core.shell:Skip shell extension 'dsv' for command environment
[13.115s] DEBUG:colcon.colcon_core.event_handler.log_command:Invoking command in '/home/mp4d/ros2_ws/build/project_ros2_pkg': CMAKE_PREFIX_PATH=${CMAKE_PREFIX_PATH}:/opt/ros/foxy /usr/bin/cmake /home/mp4d/ros2_ws/src/project-ROS2-pkg/project-ROS2-pkg -DCMAKE_INSTALL_PREFIX=/home/mp4d/ros2_ws/install/project_ros2_pkg
[25.268s] DEBUG:colcon.colcon_core.event_handler.log_command:Invoked command in '/home/mp4d/ros2_ws/build/project_ros2_pkg' returned '0': CMAKE_PREFIX_PATH=${CMAKE_PREFIX_PATH}:/opt/ros/foxy /usr/bin/cmake /home/mp4d/ros2_ws/src/project-ROS2-pkg/project-ROS2-pkg -DCMAKE_INSTALL_PREFIX=/home/mp4d/ros2_ws/install/project_ros2_pkg
[25.292s] DEBUG:colcon.colcon_core.event_handler.log_command:Invoking command in '/home/mp4d/ros2_ws/build/project_ros2_pkg': CMAKE_PREFIX_PATH=${CMAKE_PREFIX_PATH}:/opt/ros/foxy /usr/bin/cmake --build /home/mp4d/ros2_ws/build/project_ros2_pkg -- -j4 -l4
[81.943s] DEBUG:colcon.colcon_core.event_handler.log_command:Invoked command in '/home/mp4d/ros2_ws/build/project_ros2_pkg' returned '0': CMAKE_PREFIX_PATH=${CMAKE_PREFIX_PATH}:/opt/ros/foxy /usr/bin/cmake --build /home/mp4d/ros2_ws/build/project_ros2_pkg -- -j4 -l4
[82.152s] DEBUG:colcon.colcon_core.event_handler.log_command:Invoking command in '/home/mp4d/ros2_ws/build/project_ros2_pkg': CMAKE_PREFIX_PATH=${CMAKE_PREFIX_PATH}:/opt/ros/foxy /usr/bin/cmake --install /home/mp4d/ros2_ws/build/project_ros2_pkg
[82.245s] Level 1:colcon.colcon_core.environment:create_environment_scripts_only(project_ros2_pkg)
[82.251s] DEBUG:colcon.colcon_core.event_handler.log_command:Invoked command in '/home/mp4d/ros2_ws/build/project_ros2_pkg' returned '0': CMAKE_PREFIX_PATH=${CMAKE_PREFIX_PATH}:/opt/ros/foxy /usr/bin/cmake --install /home/mp4d/ros2_ws/build/project_ros2_pkg
[82.323s] Level 1:colcon.colcon_core.environment:checking '/home/mp4d/ros2_ws/install/project_ros2_pkg' for CMake module files
[82.328s] Level 1:colcon.colcon_core.environment:checking '/home/mp4d/ros2_ws/install/project_ros2_pkg' for CMake config files
[82.329s] Level 1:colcon.colcon_core.shell:create_environment_hook('project_ros2_pkg', 'cmake_prefix_path')
[82.384s] INFO:colcon.colcon_core.shell:Creating environment hook '/home/mp4d/ros2_ws/install/project_ros2_pkg/share/project_ros2_pkg/hook/cmake_prefix_path.ps1'
[82.391s] INFO:colcon.colcon_core.shell:Creating environment descriptor '/home/mp4d/ros2_ws/install/project_ros2_pkg/share/project_ros2_pkg/hook/cmake_prefix_path.dsv'
[82.394s] INFO:colcon.colcon_core.shell:Creating environment hook '/home/mp4d/ros2_ws/install/project_ros2_pkg/share/project_ros2_pkg/hook/cmake_prefix_path.sh'
[82.400s] Level 1:colcon.colcon_core.environment:checking '/home/mp4d/ros2_ws/install/project_ros2_pkg/lib'
[82.402s] Level 1:colcon.colcon_core.environment:checking '/home/mp4d/ros2_ws/install/project_ros2_pkg/bin'
[82.402s] Level 1:colcon.colcon_core.environment:checking '/home/mp4d/ros2_ws/install/project_ros2_pkg/lib/pkgconfig/project_ros2_pkg.pc'
[82.404s] Level 1:colcon.colcon_core.environment:checking '/home/mp4d/ros2_ws/install/project_ros2_pkg/lib/python3.8/site-packages'
[82.406s] Level 1:colcon.colcon_core.environment:checking '/home/mp4d/ros2_ws/install/project_ros2_pkg/bin'
[82.463s] INFO:colcon.colcon_core.shell:Creating package script '/home/mp4d/ros2_ws/install/project_ros2_pkg/share/project_ros2_pkg/package.ps1'
[82.488s] INFO:colcon.colcon_core.shell:Creating package descriptor '/home/mp4d/ros2_ws/install/project_ros2_pkg/share/project_ros2_pkg/package.dsv'
[82.493s] INFO:colcon.colcon_core.shell:Creating package script '/home/mp4d/ros2_ws/install/project_ros2_pkg/share/project_ros2_pkg/package.sh'
[82.499s] INFO:colcon.colcon_core.shell:Creating package script '/home/mp4d/ros2_ws/install/project_ros2_pkg/share/project_ros2_pkg/package.bash'
[82.505s] INFO:colcon.colcon_core.shell:Creating package script '/home/mp4d/ros2_ws/install/project_ros2_pkg/share/project_ros2_pkg/package.zsh'
[82.512s] Level 1:colcon.colcon_core.environment:create_file_with_runtime_dependencies(/home/mp4d/ros2_ws/install/project_ros2_pkg/share/colcon-core/packages/project_ros2_pkg)
[82.704s] Level 1:colcon.colcon_core.environment:create_environment_scripts_only(project_ros2_pkg)
[82.761s] Level 1:colcon.colcon_core.environment:checking '/home/mp4d/ros2_ws/install/project_ros2_pkg' for CMake module files
[82.766s] Level 1:colcon.colcon_core.environment:checking '/home/mp4d/ros2_ws/install/project_ros2_pkg' for CMake config files
[82.767s] Level 1:colcon.colcon_core.shell:create_environment_hook('project_ros2_pkg', 'cmake_prefix_path')
[82.824s] INFO:colcon.colcon_core.shell:Creating environment hook '/home/mp4d/ros2_ws/install/project_ros2_pkg/share/project_ros2_pkg/hook/cmake_prefix_path.ps1'
[82.828s] INFO:colcon.colcon_core.shell:Creating environment descriptor '/home/mp4d/ros2_ws/install/project_ros2_pkg/share/project_ros2_pkg/hook/cmake_prefix_path.dsv'
[82.831s] INFO:colcon.colcon_core.shell:Creating environment hook '/home/mp4d/ros2_ws/install/project_ros2_pkg/share/project_ros2_pkg/hook/cmake_prefix_path.sh'
[82.835s] Level 1:colcon.colcon_core.environment:checking '/home/mp4d/ros2_ws/install/project_ros2_pkg/lib'
[82.836s] Level 1:colcon.colcon_core.environment:checking '/home/mp4d/ros2_ws/install/project_ros2_pkg/bin'
[82.836s] Level 1:colcon.colcon_core.environment:checking '/home/mp4d/ros2_ws/install/project_ros2_pkg/lib/pkgconfig/project_ros2_pkg.pc'
[82.838s] Level 1:colcon.colcon_core.environment:checking '/home/mp4d/ros2_ws/install/project_ros2_pkg/lib/python3.8/site-packages'
[82.839s] Level 1:colcon.colcon_core.environment:checking '/home/mp4d/ros2_ws/install/project_ros2_pkg/bin'
[82.895s] INFO:colcon.colcon_core.shell:Creating package script '/home/mp4d/ros2_ws/install/project_ros2_pkg/share/project_ros2_pkg/package.ps1'
[82.900s] INFO:colcon.colcon_core.shell:Creating package descriptor '/home/mp4d/ros2_ws/install/project_ros2_pkg/share/project_ros2_pkg/package.dsv'
[82.904s] INFO:colcon.colcon_core.shell:Creating package script '/home/mp4d/ros2_ws/install/project_ros2_pkg/share/project_ros2_pkg/package.sh'
[82.907s] INFO:colcon.colcon_core.shell:Creating package script '/home/mp4d/ros2_ws/install/project_ros2_pkg/share/project_ros2_pkg/package.bash'
[82.911s] INFO:colcon.colcon_core.shell:Creating package script '/home/mp4d/ros2_ws/install/project_ros2_pkg/share/project_ros2_pkg/package.zsh'
[82.914s] Level 1:colcon.colcon_core.environment:create_file_with_runtime_dependencies(/home/mp4d/ros2_ws/install/project_ros2_pkg/share/colcon-core/packages/project_ros2_pkg)
[82.916s] DEBUG:colcon.colcon_parallel_executor.executor.parallel:closing loop
[82.917s] DEBUG:colcon.colcon_parallel_executor.executor.parallel:loop closed
[82.918s] DEBUG:colcon.colcon_parallel_executor.executor.parallel:run_until_complete finished with '0'
[82.919s] DEBUG:colcon.colcon_core.event_reactor:joining thread
[83.014s] INFO:colcon.colcon_core.plugin_system:Skipping extension 'colcon_notification.desktop_notification.notify_send': Could not find 'notify-send'
[83.015s] INFO:colcon.colcon_core.plugin_system:Skipping extension 'colcon_notification.desktop_notification.terminal_notifier': Not used on non-Darwin systems
[83.016s] INFO:colcon.colcon_core.plugin_system:Skipping extension 'colcon_notification.desktop_notification.win32': Not used on non-Windows systems
[83.016s] INFO:colcon.colcon_notification.desktop_notification:Sending desktop notification using 'notify2'
[83.023s] DEBUG:colcon.colcon_notification.desktop_notification.notify2:Failed to initialize notify2: org.freedesktop.DBus.Error.ServiceUnknown: The name org.freedesktop.Notifications was not provided by any .service files
[83.024s] DEBUG:colcon.colcon_core.event_reactor:joined thread
[83.081s] INFO:colcon.colcon_core.shell:Creating prefix script '/home/mp4d/ros2_ws/install/local_setup.ps1'
[83.090s] INFO:colcon.colcon_core.shell:Creating prefix util module '/home/mp4d/ros2_ws/install/_local_setup_util_ps1.py'
[83.101s] INFO:colcon.colcon_core.shell:Creating prefix chain script '/home/mp4d/ros2_ws/install/setup.ps1'
[83.163s] INFO:colcon.colcon_core.shell:Creating prefix script '/home/mp4d/ros2_ws/install/local_setup.sh'
[83.168s] INFO:colcon.colcon_core.shell:Creating prefix util module '/home/mp4d/ros2_ws/install/_local_setup_util_sh.py'
[83.171s] INFO:colcon.colcon_core.shell:Creating prefix chain script '/home/mp4d/ros2_ws/install/setup.sh'
[83.233s] INFO:colcon.colcon_core.shell:Creating prefix script '/home/mp4d/ros2_ws/install/local_setup.bash'
[83.237s] INFO:colcon.colcon_core.shell:Creating prefix chain script '/home/mp4d/ros2_ws/install/setup.bash'
[83.299s] INFO:colcon.colcon_core.shell:Creating prefix script '/home/mp4d/ros2_ws/install/local_setup.zsh'
[83.302s] INFO:colcon.colcon_core.shell:Creating prefix chain script '/home/mp4d/ros2_ws/install/setup.zsh'
